<?xml version="1.0" encoding="UTF-8"?>
<testsuite name="az.ingress.ms10demo1.Ms10Demo1ApplicationTests" tests="1" skipped="0" failures="0" errors="0" timestamp="2023-11-07T11:16:15" hostname="DESKTOP-L68Q6PR" time="0.373">
  <properties/>
  <testcase name="contextLoads()" classname="az.ingress.ms10demo1.Ms10Demo1ApplicationTests" time="0.373"/>
  <system-out><![CDATA[2023-11-07 15:16:08.646 INFO  [    Test worker] .b.t.c.SpringBootTestContextBootstrapper : Neither @ContextConfiguration nor @ContextHierarchy found for test class [az.ingress.ms10demo1.Ms10Demo1ApplicationTests], using SpringBootContextLoader
2023-11-07 15:16:08.657 INFO  [    Test worker]    o.s.t.c.support.AbstractContextLoader : Could not detect default resource locations for test class [az.ingress.ms10demo1.Ms10Demo1ApplicationTests]: no resource found for suffixes {-context.xml, Context.groovy}.
2023-11-07 15:16:08.659 INFO  [    Test worker] t.c.s.AnnotationConfigContextLoaderUtils : Could not detect default configuration classes for test class [az.ingress.ms10demo1.Ms10Demo1ApplicationTests]: Ms10Demo1ApplicationTests does not declare any static, non-private, non-final, nested classes annotated with @Configuration.
2023-11-07 15:16:08.823 INFO  [    Test worker] .b.t.c.SpringBootTestContextBootstrapper : Found @SpringBootConfiguration az.ingress.ms10demo1.Ms10Demo1Application for test class az.ingress.ms10demo1.Ms10Demo1ApplicationTests
2023-11-07 15:16:09.003 INFO  [    Test worker] .b.t.c.SpringBootTestContextBootstrapper : Loaded default TestExecutionListener class names from location [META-INF/spring.factories]: [org.springframework.boot.test.autoconfigure.restdocs.RestDocsTestExecutionListener, org.springframework.boot.test.autoconfigure.web.client.MockRestServiceServerResetTestExecutionListener, org.springframework.boot.test.autoconfigure.web.servlet.MockMvcPrintOnlyOnFailureTestExecutionListener, org.springframework.boot.test.autoconfigure.web.servlet.WebDriverTestExecutionListener, org.springframework.boot.test.autoconfigure.webservices.client.MockWebServiceServerTestExecutionListener, org.springframework.boot.test.mock.mockito.MockitoTestExecutionListener, org.springframework.boot.test.mock.mockito.ResetMocksTestExecutionListener, org.springframework.test.context.web.ServletTestExecutionListener, org.springframework.test.context.support.DirtiesContextBeforeModesTestExecutionListener, org.springframework.test.context.event.ApplicationEventsTestExecutionListener, org.springframework.test.context.support.DependencyInjectionTestExecutionListener, org.springframework.test.context.support.DirtiesContextTestExecutionListener, org.springframework.test.context.transaction.TransactionalTestExecutionListener, org.springframework.test.context.jdbc.SqlScriptsTestExecutionListener, org.springframework.test.context.event.EventPublishingTestExecutionListener]
2023-11-07 15:16:09.050 INFO  [    Test worker] .b.t.c.SpringBootTestContextBootstrapper : Using TestExecutionListeners: [org.springframework.test.context.web.ServletTestExecutionListener@29d37757, org.springframework.test.context.support.DirtiesContextBeforeModesTestExecutionListener@4fcc529, org.springframework.test.context.event.ApplicationEventsTestExecutionListener@25cc7470, org.springframework.boot.test.mock.mockito.MockitoTestExecutionListener@4beddc56, org.springframework.boot.test.autoconfigure.SpringBootDependencyInjectionTestExecutionListener@79b663b3, org.springframework.test.context.support.DirtiesContextTestExecutionListener@1b812421, org.springframework.test.context.transaction.TransactionalTestExecutionListener@5d28bcd5, org.springframework.test.context.jdbc.SqlScriptsTestExecutionListener@7882c44a, org.springframework.test.context.event.EventPublishingTestExecutionListener@32639b12, org.springframework.boot.test.autoconfigure.restdocs.RestDocsTestExecutionListener@20d11153, org.springframework.boot.test.autoconfigure.web.client.MockRestServiceServerResetTestExecutionListener@3887cf88, org.springframework.boot.test.autoconfigure.web.servlet.MockMvcPrintOnlyOnFailureTestExecutionListener@5649ec46, org.springframework.boot.test.autoconfigure.web.servlet.WebDriverTestExecutionListener@78dc4696, org.springframework.boot.test.autoconfigure.webservices.client.MockWebServiceServerTestExecutionListener@502f8b57, org.springframework.boot.test.mock.mockito.ResetMocksTestExecutionListener@5652f555]

  .   ____          _            __ _ _
 /\\ / ___'_ __ _ _(_)_ __  __ _ \ \ \ \
( ( )\___ | '_ | '_| | '_ \/ _` | \ \ \ \
 \\/  ___)| |_)| | | | | || (_| |  ) ) ) )
  '  |____| .__|_| |_|_| |_\__, | / / / /
 =========|_|==============|___/=/_/_/_/
 :: Spring Boot ::                (v2.6.7)

2023-11-07 15:16:09.855 INFO  [    Test worker]  a.i.ms10demo1.Ms10Demo1ApplicationTests : Starting Ms10Demo1ApplicationTests using Java 11.0.1 on DESKTOP-L68Q6PR with PID 2408 (started by azerf in C:\Users\azerf\OneDrive\Desktop\ms10-demo1)
2023-11-07 15:16:09.856 DEBUG [    Test worker]  a.i.ms10demo1.Ms10Demo1ApplicationTests : Running with Spring Boot v2.6.7, Spring v5.3.19
2023-11-07 15:16:09.857 INFO  [    Test worker]  a.i.ms10demo1.Ms10Demo1ApplicationTests : No active profile set, falling back to 1 default profile: "default"
2023-11-07 15:16:11.027 INFO  [    Test worker] .s.d.r.c.RepositoryConfigurationDelegate : Bootstrapping Spring Data JPA repositories in DEFAULT mode.
2023-11-07 15:16:11.059 INFO  [    Test worker] .s.d.r.c.RepositoryConfigurationDelegate : Finished Spring Data repository scanning in 11 ms. Found 0 JPA repository interfaces.
2023-11-07 15:16:11.847 INFO  [    Test worker]       com.zaxxer.hikari.HikariDataSource : HikariPool-1 - Starting...
2023-11-07 15:16:12.156 INFO  [    Test worker]       com.zaxxer.hikari.HikariDataSource : HikariPool-1 - Start completed.
2023-11-07 15:16:12.283 INFO  [    Test worker]  o.hibernate.jpa.internal.util.LogHelper : HHH000204: Processing PersistenceUnitInfo [name: default]
2023-11-07 15:16:12.400 INFO  [    Test worker]                    org.hibernate.Version : HHH000412: Hibernate ORM core version 5.6.8.Final
2023-11-07 15:16:12.774 INFO  [    Test worker] org.hibernate.annotations.common.Version : HCANN000001: Hibernate Commons Annotations {5.1.2.Final}
2023-11-07 15:16:13.060 INFO  [    Test worker]            org.hibernate.dialect.Dialect : HHH000400: Using dialect: org.hibernate.dialect.H2Dialect
2023-11-07 15:16:13.534 INFO  [    Test worker]       o.h.e.t.j.p.i.JtaPlatformInitiator : HHH000490: Using JtaPlatform implementation: [org.hibernate.engine.transaction.jta.platform.internal.NoJtaPlatform]
2023-11-07 15:16:13.552 INFO  [    Test worker] j.LocalContainerEntityManagerFactoryBean : Initialized JPA EntityManagerFactory for persistence unit 'default'
2023-11-07 15:16:14.002 WARN  [    Test worker] JpaBaseConfiguration$JpaWebConfiguration : spring.jpa.open-in-view is enabled by default. Therefore, database queries may be performed during view rendering. Explicitly configure spring.jpa.open-in-view to disable this warning
2023-11-07 15:16:15.046 INFO  [    Test worker]  a.i.ms10demo1.Ms10Demo1ApplicationTests : Started Ms10Demo1ApplicationTests in 5.882 seconds (JVM running for 11.059)
Spring now started BankConfig(bankName=ABB, bankOpened=1990, offices=null)
Bank config2 BankConfig2(name=ABB, opened=1990, offices=[Baku 28, Baku 28, Baku 28, Baku Khatai, Sumgait 1, Naxchivan], contacts=[Contact(phone=9947846844, email=info@abb.az), Contact(phone=9947846845, email=info2@abb.az)], addresses={Sumgait=Sulh 20, Baki=Nizami St}, branches={1=Branch{name='Sumgait', address='Sulh St'}, 2=Branch{name='Baki Main', address='Nizami St'}})
]]></system-out>
  <system-err><![CDATA[]]></system-err>
</testsuite>
